2025-04-03T17:22:50.906Z - SOL->USDC - Amount: 0.053519732 SOL - Output: ~6.072765 USDC - Txid: 5yxJkeYRWXAfuPexZrGMXbAQZzD1ofAXP91Sk49KuFCJVAhp2GGeGXCbVnzEUQahk6WMkeHGdJJ6y3mcaWiiQfKG
2025-04-03T17:23:12.385Z - USDC->SOL - Amount: 6.072765 USDC - Output: ~0.053555488 SOL - Txid: 5bm53mhzqMj8a6WKgC4GqQsdSMBsmcwrUxMBFqG93WY4ctGjzUK4kVARdizSGvdqKiUAkGe1jXZjCGyMn3PVWG4z
2025-04-03T17:24:19.043Z - SOL->USDC - Amount: 0.053358983 SOL - Output: ~6.044648 USDC - Txid: 3X8zGr5jD14FiQ6UA4TwWMjkDjjjzHDR8ogWuxbym1m9FHxAtHNwbTBkLKVYapCvty7Fg1cg1JUd5XibYD2rhUX3
2025-04-03T17:24:40.865Z - USDC->SOL - Amount: 6.044134 USDC - Output: ~0.053321873 SOL - Txid: 2KiCkz5ZGuDmNyVoTFHG3mid6Ms9iawLmgfTfqDvFR2BnXUgF89AdBAiZKYw48zYENZE8eTPoVJTzLrJ4zLhTqk
2025-04-03T17:25:19.175Z - SOL->USDC - Amount: 0.053232237 SOL - Output: ~6.037923 USDC - Txid: 2BRVAJHNmzuwBLexpVW1hKGr85CmKAzhKqpkr2ZXnUvEn1BzhRcCfQNveuUr5y9FVgJnnPfeQuxKDk5j4kmUXyXz
2025-04-03T17:25:40.547Z - USDC->SOL - Amount: 6.039406 USDC - Output: ~0.053222711 SOL - Txid: 3ZGeeuQejBjGVp5N49uqX8YuMSy4iqRfnHVYKumVTn2ChRZxCr6Eyju23hN5844MKGLQHvH27htCpYB3fC69fTqp
2025-04-03T17:26:19.391Z - SOL->USDC - Amount: 0.0531998 SOL - Output: ~6.04253 USDC - Txid: 2rGBoHLagSugashAoyLuE3zGFgoLmowMGtS5ezEDAyVn67dmJtD7ayBbns3xcKxzGy4pWLDUBo28GYLZGXtwKJjN
2025-04-03T17:26:40.787Z - USDC->SOL - Amount: 6.023229 USDC - Output: ~0.053049352 SOL - Txid: 64FJxKT9iEeFzM8T23LLbDi3nEWCQaa3wLiZhJcgfJTUwhrmq1tUgcHMUwbZys4geSHTwi7c5bTpbigkqsvfCuXz
2025-04-03T17:27:19.096Z - SOL->USDC - Amount: 0.05306081 SOL - Output: ~6.02557 USDC - Txid: 3fGxeJeqstoiKpFBsMdkgPdF2G91ZgHdPabGTiKTZxMDiV9qfd1vJiPa99pUAtEzi1dEHw5aZ9e5moRua2GsxDVf
2025-04-03T17:27:40.594Z - USDC->SOL - Amount: 6.023197 USDC - Output: ~0.053102011 SOL - Txid: 4ht1KELLw2UeQDR5EgVVNZPdx2SQKtkTRDhWC3T4Ae8d3MaRNtemRV6jAn4T543koMXghEF9r2x5e6QpS9ERZqU6
2025-04-03T17:32:14.375Z - SOL->USDC - Amount: 0.042954052 SOL - Output: ~4.875262 USDC - Txid: 2eHZrVaVeJ5NS1BBnwFiYEmBH1HriPpj2rkct4Dk8URUf15JRmKVFNJK41eZg6wXk4f4f7akgAeDuzdPHk7E7kj
2025-04-03T17:32:35.574Z - USDC->SOL - Amount: 7.140096 USDC - Output: ~0.06292129 SOL - Txid: 5g7frsu4w4j8Cjdx688a83a4GGS4kZYAvjyMteUJ8Nt3TrJ91o7ntQCsJpWYnkkHnsUEBFjkZX1YJdDGAvwZHFcY
2025-04-03T17:34:41.944Z - SOL->USDC - Amount: 0.052780171 SOL - Output: ~6.009181 USDC - Txid: 34oBS2yMNjAE8xrturs6KYupKhMgQwfg7rYQRuXYE3xEWgqTgHSyGaUJmzvzPNcW735Rk5EnF1k76trxcruMh5SG
2025-04-03T17:35:02.963Z - USDC->SOL - Amount: 5.993215 USDC - Output: ~0.052614863 SOL - Txid: 5fJKNLZPFiBThjAcmQeLQJd3rZbfubhaPfSXDDwdG81MwtH2nEb28u8ThGrE7e7h5RQTywh6C6sQh43cYCo1LKix
2025-04-03T17:35:41.935Z - SOL->USDC - Amount: 0.052605723 SOL - Output: ~5.99048 USDC - Txid: 2kdWQPKyx2LTcUFq329epm863g3uPk3QumETPuuYVZVFwxfCtybTDdeG1NV8Bptwrsg4hyqrca9PDBV927i9yQJG
2025-04-03T17:36:03.193Z - USDC->SOL - Amount: 5.988245 USDC - Output: ~0.052537509 SOL - Txid: 4wux7ZBKf29yx4vjdmczqKa2KCwTc8Nz1oMPr1SoEBynJUaHhzuqF3jqU83WPrmqEZdxz6r4d4cs2jj5KTgFn2Q
2025-04-03T17:47:25.281Z - SOL->USDC - Amount: 0.052508694 SOL - Output: ~6.007147 USDC - Txid: 5Wiq8HMnNQAYpi4RztJNg3rGU3bCeJUuPh8MJhfRwJfQ97aWtDAVFy2BYK9PawQBDa9JgYEtwCmJGVxCFTEewVti
2025-04-03T17:47:46.465Z - USDC->SOL - Amount: 6.001378 USDC - Output: ~0.052503366 SOL - Txid: 2SzoVQFJaZRZQzNhdN423iDSohTXtWj5dygaJxGjjfaNDAFMWWXZPcobV1qwwuACQc1DUitee88pNaUzYyXUxyoz
2025-04-03T17:48:06.718Z - SOL->USDC - Amount: 0.052390667 SOL - Output: ~5.985229 USDC - Txid: 2XwF6EZiF7oxL4dZqzpKfoB9tspMUsvYsgQrGxRHo8iH4yDqZ5iSSsuE4dJZ5qxQsL16QxMRsNU8Pa5ZaB3XzTBL
2025-04-03T17:48:27.657Z - USDC->SOL - Amount: 5.982103 USDC - Output: ~0.052410379 SOL - Txid: 4NgG9W9RFHyrQd1EP2kWdMZYWUTz2XPwrzegnkUd9VxCTep45MoDTwDzgUQmJK4pcLnzyXvFk9gka4fQzpwHHSv6
2025-04-03T17:50:52.289Z - SOL->USDC - Amount: 0.052301995 SOL - Output: ~5.965977 USDC - Txid: KJiMb7UpBg51iLc85S1y8Uj7ot48fNqxB9JipALMYZct3CHFApa2cVBBcsTGM51xq4xPgEMuVXkVmYSHovqbQJ6
2025-04-03T17:51:13.193Z - USDC->SOL - Amount: 5.965422 USDC - Output: ~0.052337963 SOL - Txid: 3imi54NQoUr4wkV4ThXw2ufNYfx8NcRa6rtvSZXLbThk4AFTRGfvSX3MGWuq3dTYhw7MKVSbvvbGyAAm5xNyqsPc
2025-04-03T17:52:19.785Z - SOL->USDC - Amount: 0.052217163 SOL - Output: ~5.96213 USDC - Txid: 3GZ8Wv78i3WNumXDfeXf9NYkZQvkJkjgss9Hcs4657S3fANmEZNETzub4ED4fLWxAFSXWZUt8QoSqhPRJ2rpDkfr
2025-04-03T17:53:19.742Z - SOL->USDC - Amount: 0.026106082 SOL - Output: ~2.980099 USDC - Txid: 4KU8dGNtzqnrZDMWZLKF7uoH7sWSmAPZBiZC9Ug5a7gaR1GjNFb3GXj5yyss4YvZbugWwxJXEs3eLEqo1JJXcK2H
2025-04-03T17:53:41.423Z - USDC->SOL - Amount: 8.932558 USDC - Output: ~0.078244142 SOL - Txid: 3L726h2xBZB71fHjgRScdWBDh9epsNTYmBCo4UtJWgCGA6weoZEPdSqEYHLaCFJ946R6br2fLfm7knRuns3xgPUJ
2025-04-03T17:56:07.171Z - SOL->USDC - Amount: 0.252066201 SOL - Output: ~28.787058 USDC - Txid: 2mTqBpWa1uWNicvbCAjtwDUd4tQ3yA4f2sBwvrEqdwuJkz9hyiQa3Fk6BSxCnGaPVcWazX81yh7b3r3v9gdUvXMK
2025-04-03T17:56:28.257Z - USDC->SOL - Amount: 28.774873 USDC - Output: ~0.252277979 SOL - Txid: 5SppfoeaUBMX8wZMdHNJNg74QMWZNBHPQfwu5GD48mJZ6Q2pSAxNmkqBbEtm8nCY5QWXPfTzhwgFMeY3uVvX8zz6
2025-04-03T17:57:34.830Z - SOL->USDC - Amount: 0.251866592 SOL - Output: ~28.773589 USDC - Txid: 3SXctT5vi6ub7Es5i43t7FxX3vGr5qBxwfyiizbB51WYAQRgoRmd6Ef2zeNhngLwUo26ahdatk56kWWQRk6HzJNZ
2025-04-03T17:57:55.883Z - USDC->SOL - Amount: 28.773413 USDC - Output: ~0.251914016 SOL - Txid: 5DFEkkQvQtqXNZ3P8a7Z7SuaW68hcSfpxQG94GGb8ghEfLpx88qS29Uf4DZ3njy6gox4NYiBtprXu8vwQSJPJdog
2025-04-03T17:58:34.766Z - SOL->USDC - Amount: 0.251458941 SOL - Output: ~28.716967 USDC - Txid: ojh1qXetMyhm1r7uzNquUh4DK8fbLDw7uSgPQwTiJCJiqiePHAuotvrEbvNNXRcy91X7Hcf47pStAtswYLio9RK
2025-04-03T17:59:01.391Z - USDC->SOL - Amount: 28.726768 USDC - Output: ~0.251524119 SOL - Txid: G3vVi4uHdY6LDFXyFEyeH2hy5Y52EPYwH438496jfpSQC4JjpvVY1ycnCxMFv6uN8QwmJzDUqyLNvA5KDLysLrP
2025-04-03T17:59:34.744Z - SOL->USDC - Amount: 0.251081028 SOL - Output: ~28.648825 USDC - Txid: 3wU9HNGBRkxiiwqNcrko73xmyRNTTzMuXenpARY5meabPd6H3ruk42P47wj3QddKfmdhJMABvfhLqWdFNVbXodr8
2025-04-03T17:59:55.809Z - USDC->SOL - Amount: 28.6434 USDC - Output: ~0.250884995 SOL - Txid: 5osJmwhj1o3QVPpBX16BhWUs3B4RgqohkjyhKifFew7rr3rvqMWFo7uz6ifC9mVGxid1Wa56FSbuCvogydtfn3eJ
2025-04-03T18:00:34.840Z - SOL->USDC - Amount: 0.250257561 SOL - Output: ~28.594391 USDC - Txid: MyRDBWzAnunS1dRKc5vpUFifSD7UrbzsRaywogaXKjoesAPMVSUxvBjbGBVSfYUbkNHZaxwaUqF7bLp3T8BE8GZ
2025-04-03T18:00:56.083Z - USDC->SOL - Amount: 28.530509 USDC - Output: ~0.249946122 SOL - Txid: MfWB8h68vaxt39k6JroWSePYcPMPjuEPnsh2EUeZL45DBQnQYcqDjtwHX8kT9XGFt235fU4NHSPCvbpMWDLW2ie
2025-04-03T18:01:40.138Z - SOL->USDC - Amount: 0.250037243 SOL - Output: ~28.500101 USDC - Txid: VLdstUCSPP9dRQEjYDUSdSwmpBi9MqzengRC7GxB4XzqdTN3UrtuFQRiwYfjyWXqUFh61ZuoTjfhhVRsyunhrxc
2025-04-03T18:02:01.549Z - USDC->SOL - Amount: 28.487166 USDC - Output: ~0.250164707 SOL - Txid: 3zWMsJ2wSXCTLU1KP9aTGmuC8x6JRvMdsgkScjovGc32nQE9xvLiAs4fPG8hBsvqbYdcvqdBsdi97cxfWU42ES6o
2025-04-03T18:02:34.929Z - SOL->USDC - Amount: 0.249982833 SOL - Output: ~28.453937 USDC - Txid: 5G42pW7PggrV2mSrgzZxE5oM5MCJYzcEr96v6BGudmzkv7hSg7hjGExLxHysKj8ErRzfKNCG4pw3nnjcGE1Cz6gY
2025-04-03T18:02:56.321Z - USDC->SOL - Amount: 28.395193 USDC - Output: ~0.249379925 SOL - Txid: 5UyzYva31mQk3AenwT1Qy4pB2y4SukNG5w7quYVxvXQxyA5rKAs8dzrHTwnw12nsr1k4qZibxuEFKYA7muM1m41y
2025-04-03T18:03:34.801Z - SOL->USDC - Amount: 0.249602699 SOL - Output: ~28.460337 USDC - Txid: 2BjgXiD1wUyDRFsgkGyEGe7LMcHtd4G4ZfZmdJWv4vYh73S797J2LdfYBexS2wNkfzKZYeC75qZv7hYuk5duYdq2
2025-04-03T18:03:56.042Z - USDC->SOL - Amount: 28.458349 USDC - Output: ~0.249588697 SOL - Txid: 2jckmBiDQii6jELotYib4LzbDTTF5QkA8SWdvSvJTPHLdRkm3DbRM3JwW8v5MGk1m7LN2x4mD6iTJJ6XMR8NWN4v
2025-04-03T18:04:34.596Z - SOL->USDC - Amount: 0.249536201 SOL - Output: ~28.495249 USDC - Txid: rUJ8jpNNbUY7Qp1kxnUEoJo7TXj26boBJcKXSJadFcuofYu9mGeJbm2HCUzmmqaVb9Z5e2Gh6t4awVoprwstdns
2025-04-03T18:04:55.581Z - USDC->SOL - Amount: 28.489011 USDC - Output: ~0.249601233 SOL - Txid: 2cczr8c5NgjSEnQjpHJzVTtQo5mChQKzn8hcKG1YZnsJneiWw5UefBSY3sKan3WqE5LVKqBkRNn2HPKrjYRcsi7k
2025-04-03T18:05:35.001Z - SOL->USDC - Amount: 0.249469157 SOL - Output: ~28.4528 USDC - Txid: 5CuswqXeRqr2wGe8ADnF2skLXNZna3Frrx3q4WvkzmxrUPMWA2nGbw2JVZrskbUh8VWENqR6n1bBPiTS1pPXeAtD
2025-04-03T18:05:56.544Z - USDC->SOL - Amount: 28.449955 USDC - Output: ~0.24935789 SOL - Txid: 3DiVgTg9f6Uq3t9CK2tYngJs3F3tNBoXBvTM1GYjRRy9NT3YVD63UgsFZEKjUY6PD9n71zpSEqQEh8FcispddkMo
2025-04-03T18:06:35.166Z - SOL->USDC - Amount: 0.249258597 SOL - Output: ~28.450515 USDC - Txid: 26k7PbXnZrVTZbEZnvodUMvvVqskZtmFgKT7MJ5QDUxbCmwDtSSt61wEzCX7YkXjemKhceM2FF2mDzuREc7QWaQr
2025-04-03T18:06:56.324Z - USDC->SOL - Amount: 28.455169 USDC - Output: ~0.249195795 SOL - Txid: 2QuEp1G1ET65oXQxpxDcLA58mt47u5xwzuk1LGbLHSTMGk8xxomxytASrev25b924UChWBcgrEi9wW9kGm8nbtgC
2025-04-03T18:07:34.729Z - SOL->USDC - Amount: 0.248804917 SOL - Output: ~28.418123 USDC - Txid: 3rUyASsK1oSurnrSwVdgcjmkKdYZkYKfDy8wAUpGyZiG41arPBfTNS8aR7FThavpkibFD4sDzxkG3ePfW7eNfewy
2025-04-03T18:07:55.748Z - USDC->SOL - Amount: 28.418022 USDC - Output: ~0.248740073 SOL - Txid: 3iJyB8tofPtk7Zu8WWjwXYhjaheMKwDGKgmuUQjbzPQxjGzar54cdfWiSEs1EUzBHjkSSSkd4aszNakicGSjqE1u
2025-04-03T18:08:35.333Z - SOL->USDC - Amount: 0.248667495 SOL - Output: ~28.416675 USDC - Txid: 65Wo8axQenw3i7XWAeJTECZ2jEqHJ7dfLLWrTVdnAVzJQfZTm4FSH8uTJtkkGCnV6KCJAqF36vy6gyjJk2W8vTtt
2025-04-03T18:08:56.399Z - USDC->SOL - Amount: 28.345165 USDC - Output: ~0.24827385 SOL - Txid: 274VKXNJgLW3JU7SkLziDtvbmp266LjtU5okfFw2ADdcp4JGR9oLvE3NFXiA76sv1d6p229SJwhaxANJG3fMDEQU
2025-04-03T18:09:35.591Z - SOL->USDC - Amount: 0.248356598 SOL - Output: ~28.371348 USDC - Txid: 9uuhVpZtC4Cfm9a1nb54HtBuz1qh4A9nQjoo6WK8LoFAg4bXzTQo67JmrDAdXvJ9CrCASbAqo6sbwWKBWAw7Jid
2025-04-03T18:09:56.722Z - USDC->SOL - Amount: 28.370855 USDC - Output: ~0.248277864 SOL - Txid: TU66qERxXCpV6AnS3rfoRY1HKpWuQN644oNu4pxjRvdxLUioPWTFrgm8LYfidR6LSbLWU71YGpw8hywq7u2V4F4
2025-04-03T18:10:35.246Z - SOL->USDC - Amount: 0.247670717 SOL - Output: ~28.305999 USDC - Txid: yUSBQi7Yf6gajNCfCD3izsoUoH2CKbF613KC73o16k7wzo1Tn2t5ZsVuaL4EvqbTbQQm6jMSQ7GkE7H6i58nfXd
2025-04-03T18:11:01.601Z - USDC->SOL - Amount: 28.285337 USDC - Output: ~0.247666275 SOL - Txid: ehVURZ4nYuzRMz6nLm5uvG3eqLCvpeVbpjS7EH4tSWAJkK2wxzCcTZdSyeMKnN3CGNrvWBK5jMmx6pdPa9Zb7WD
2025-04-03T18:11:35.171Z - SOL->USDC - Amount: 0.247554746 SOL - Output: ~28.25171 USDC - Txid: 51ANnJbg5yztxgbhHWQWiPZseHqGPnNXfh8wjSR6ZqLaP2ntfaoRhjRkvfs8Bh2ZPKqNdJWdUkNVCdUcocuNQWfh
2025-04-03T18:11:56.210Z - USDC->SOL - Amount: 28.235632 USDC - Output: ~0.247404708 SOL - Txid: 3zxi4ZXAaJHPyUQzoJ6gdD84Te1GnASWteDpDR9fYbacRHkosDyNUBpsbrXZM5S7jUYLGyXcRWgwb7L1QeJATnHU
2025-04-03T18:12:35.088Z - SOL->USDC - Amount: 0.247358628 SOL - Output: ~28.236737 USDC - Txid: 2EYUYsHmS9NscyHFjren8oxWJrHwUQSHaUUUQEktfVNjRFpbVNH8iGcBrLqrYfJWP9sLWKaPLDWb2DCQsq6jhqUk
2025-04-03T18:12:56.345Z - USDC->SOL - Amount: 28.238138 USDC - Output: ~0.247377249 SOL - Txid: 3ji5Fn3pQMC89G4hGkZ2Mttz1HiuHqQiaRGfvTYUVLaJWt6HkBCZWErMczReNzgs93jSeigzby1n49yGtf5Pv61i
2025-04-03T18:13:35.228Z - SOL->USDC - Amount: 0.247300573 SOL - Output: ~28.245157 USDC - Txid: fRuzJicuXA1Xf5KBcfm4GmwGBRabBuTD84qzLRgNf9rgetv9p1ob43R8pwVfKUSwpVsJToGhZCLoKDBFs3zS4BW
2025-04-03T18:13:56.470Z - USDC->SOL - Amount: 28.205757 USDC - Output: ~0.247424082 SOL - Txid: 2uT8y454Cu34Z9XTkzcyMc5YAqZ8kTVkeVEgfH7X4LbrfuaqZE6jSTTLC16sSC7Y6Lh8icDVWxu2cgWpHj5X7qeH
2025-04-03T18:14:34.813Z - SOL->USDC - Amount: 0.247281914 SOL - Output: ~28.208262 USDC - Txid: 4WNp7TFDaEvCdnxhMLk13DdrEDgUJfCc9QaYzN6bTTskwq1tJUGHuCnpZ1H2QeBr2d7Gc8JR5avXj9pLS7RBj5B8
2025-04-03T18:14:56.197Z - USDC->SOL - Amount: 28.21329 USDC - Output: ~0.247171431 SOL - Txid: 4rxihHn7y3bNKghpRprkEDLaAfbddPb2DXGWRyTSgu8uyU8vrsoyMADTac4uwHywwEwRLMWbvtZ2KRScjxtSMV4Q
2025-04-03T18:15:35.050Z - SOL->USDC - Amount: 0.247117202 SOL - Output: ~28.243217 USDC - Txid: 66hQMFgHTPvg4iEZDdAwsQPY9xae6E1SuwV1gRZaPRS3x1NbCvAPcRiMSx1UGY3Cssg6iPfNTvu1Xd28QZaNJiUB
2025-04-03T18:15:56.199Z - USDC->SOL - Amount: 28.243127 USDC - Output: ~0.247170736 SOL - Txid: 22Yb9zdajf4gFzw94d16d6iimrtGXykRBMgDvYc7LkBaMdRbtMWcbz3uJdbLvJEw55bNBmWEckWFJVqoiFnisdBr
2025-04-03T18:25:39.721Z - SOL->USDC - Amount: 0.247053575 SOL - Output: ~28.233026 USDC - Txid: 4C1hbdS8P3sdwZDqW37PHRWHhL9v4T3RcXkmGjBA2MP2pChgAHV3n2Dva1PAgxuBzg9V6pWVpbuJUrXu59hB2riF
2025-04-03T18:26:12.034Z - USDC->SOL - Amount: 28.233802 USDC - Output: ~0.246893562 SOL - Txid: 5zu3P46hKZuQk5Fwz32UMEQsyYyPZWExRswuxCfxEn4YwQ7HgBgfZ1D8hxNUcm4GLHFyy9cQvpBa9f5eLZodtUpR
2025-04-03T18:27:18.531Z - SOL->USDC - Amount: 0.246834937 SOL - Output: ~28.232826 USDC - Txid: 4HZ8KgbVGsiKN8LFAq3GiQf4SzAJ3H42wzsAwDFt7toykwFUWbLqzNKKGWnwpddFKgXiYK6DiVo9AuYJPYphgddW
2025-04-03T18:27:39.691Z - USDC->SOL - Amount: 28.249583 USDC - Output: ~0.246990297 SOL - Txid: MdeQNuegcAUEh69qx3cer5kZaYPPmzDRvDSXRoTcfwR6iRqQfTTQU7UdfiDcdpok26JPnv6eJtTpyjr53f85CYd
2025-04-03T18:28:18.428Z - SOL->USDC - Amount: 0.246811572 SOL - Output: ~28.246537 USDC - Txid: 4LamHw8n9QiF64ZBqA7hCyjXRQw27bmpfp9M8fNdQ6eCRF79rwz2PQB2Vjh8BXRgcf8P5GUisuhpnemeYr3dSPu7
2025-04-03T18:28:39.618Z - USDC->SOL - Amount: 28.246487 USDC - Output: ~0.246931484 SOL - Txid: 4PmPkauoDySTkgGWdJuX9Gy4ChmLBMRPugzLq3dN8GPVc1hpFdKQ1VAqAywCELpkXDiPdAWWmRHGfSasHVN5R6Ab
2025-04-03T18:29:19.860Z - SOL->USDC - Amount: 0.24616637 SOL - Output: ~28.180019 USDC - Txid: 5fTAcNV9kpg48uxxbbvkJghjgbc1QpP2aSggmDHiNRdtwir3Ty8k5AvRUedthLsRgdNfw8AWagDfnjPgjP8ZLXE2
2025-04-03T18:29:40.704Z - USDC->SOL - Amount: 28.111598 USDC - Output: ~0.245251126 SOL - Txid: 14m35sZLBw3TJfW3PYib8TqsPqEb3HHU5asSZwYFiPLZm1NSvQDWUqQDAhtJ9FvCCP5AaZn5txeD1zqcMVYhTAg
2025-04-03T18:30:18.404Z - SOL->USDC - Amount: 0.245585017 SOL - Output: ~28.161728 USDC - Txid: 3aqH44XCgv1vxAbL3RXMhhPduThfW4sfw3nSzStoTzR4uLEfvz7ssCR5YiawswFJxQXjhhaiJWXGUpuKJxgKmy3D
2025-04-03T18:30:39.868Z - USDC->SOL - Amount: 28.165542 USDC - Output: ~0.245617938 SOL - Txid: 2uRRgbXegTcBBZ6N7cNAdb1kfcaZAwekuwbKQTyuGjdqiDeAaRUqbF61k8gUKsKjWCs8AX5mqhd3mEKhKCYXYhof
2025-04-03T18:31:18.373Z - SOL->USDC - Amount: 0.245251981 SOL - Output: ~28.144353 USDC - Txid: 2HfYxHMKxHLULUzTexsTufb5PsuK2fhDAtnBGX1s7iJuTJnWfzuMuM9cYa4f5ZPDfdXqkFrF91wdCV8diZ8ANxaZ
2025-04-03T18:31:39.363Z - USDC->SOL - Amount: 28.144263 USDC - Output: ~0.245187464 SOL - Txid: 4Mzg1dHTpMTnMGSPLEbGnC2Nxi2byNMgX8fXjX6wriCAr6d7mbKDSzK9BRbxtrPvG1ZTDyH2dDFB1pbeZNME4PTB
2025-04-03T18:32:18.646Z - SOL->USDC - Amount: 0.245156947 SOL - Output: ~28.140986 USDC - Txid: 2hQ76VTBWx1F8V26PpPs6AAaqz36ivB4d4LYxj1DzjpHWqaMUPfjKCPqQE4TexS8tK81hTKBcgDzBGbDBQLYRgrW
2025-04-03T18:32:39.746Z - USDC->SOL - Amount: 28.150342 USDC - Output: ~0.245119037 SOL - Txid: AzR8JYAX78FXzFFJEN7RMdkEhZuZsw6NKwHFGeTUxwBuQeHZG7vwyrqf1DnU7RnYeRoEAvhueJWW1mtBUaxR1R8
2025-04-03T18:33:18.347Z - SOL->USDC - Amount: 0.245032992 SOL - Output: ~28.20475 USDC - Txid: 2EjaLXfMoey3tySu7TSjvDMKBTbSUopUZwbotXT9u2Fgr7uEYdnuCRUzC5QAYQBqxFxmsaZUgG6iorpgThgtmtG7
2025-04-03T18:33:50.185Z - USDC->SOL - Amount: 28.12099 USDC - Output: ~0.244385521 SOL - Txid: i3R5w1hfCMfVFbHXeR3zkeRG1NoMNygBetsfqDdQYQfkaBMVPCRSKfC1zNfY9oaCGLZQ6dC6tzbS1t8DuUGjQe5
2025-04-03T18:34:18.541Z - SOL->USDC - Amount: 0.244473102 SOL - Output: ~28.159969 USDC - Txid: 63LvbPhv3gJXW1QYJDHFmGSHDWrchp4E5ACZYC5Zu5sb2ects1powC7XUsGVGrUXL8pEGXXPVrn5MXoqrU1Fx4yw
2025-04-03T18:34:39.690Z - USDC->SOL - Amount: 28.160268 USDC - Output: ~0.244626286 SOL - Txid: uESHQGamkhzjScS9WwzAERrsz2MNuQtZpp3ayv11oL5vCy9XszABSVKKMdeSMpdDe9qx3mXyKCyYT6tE2J6y1oo
2025-04-03T18:35:18.754Z - SOL->USDC - Amount: 0.244170556 SOL - Output: ~28.091073 USDC - Txid: 4yDE8z8nCjFomcxrKmxQzdz9DcdXjcKdLPgEewSeXUUAb4xGBtXwViDKStnst1rS7VVQjCzkV7ssPedvH66wJC1T
2025-04-03T18:35:39.809Z - USDC->SOL - Amount: 28.078112 USDC - Output: ~0.244343316 SOL - Txid: 41tnRv4Wi1vUjipBHQ8Gkm9sHvhUxSDLeRSSF26LKPYDnHdMxXKzSbGoJGWBKSTwkKt6hr9eZx4orR65YSbdbUjg
2025-04-03T18:36:18.381Z - SOL->USDC - Amount: 0.244150277 SOL - Output: ~28.062817 USDC - Txid: 7aAA7NRTEswDeWFmJSqtBQLRxa3fJSZJSqqbnPakUvDyvZfF4hmDE4UvRBT3gPLkGfdJTroyxqXq9rVKsuJMbqp
2025-04-03T18:36:40.070Z - USDC->SOL - Amount: 28.060258 USDC - Output: ~0.244114409 SOL - Txid: ao6ZJwy9hMRDP8iAQg2L4Q23Z95mfxKTj2hbCcGpLckxYGNyaZY4KY7tGHamD6rtdswf7Beb2tc181eUZfGDbrK
2025-04-03T18:37:18.756Z - SOL->USDC - Amount: 0.243719757 SOL - Output: ~28.053048 USDC - Txid: 3V42CPp2EhiYUbb8BxvwqRnEDTAye7RuEbCJuCTSL9x6uTdaLXD5ouCPEg8KzDvMQufgbcUKyFMkd5kCJwLt5XvP
2025-04-03T18:37:45.040Z - USDC->SOL - Amount: 27.916202 USDC - Output: ~0.242640047 SOL - Txid: 4U3DAUALmXFSyUzmvwEzsHtw35gqUiKEb48Ug9PRfd8NQWmXMmnBxbdX7sYGk3AdsaksNFf85zphCAqb7BNhSoVh
2025-04-03T18:38:22.195Z - SOL->USDC - Amount: 0.24307956 SOL - Output: ~27.99417 USDC - Txid: 2y3xk3TaTJWBDN1m6pwcXgXqPNC8dEPeDn5wYyQHdY1pzoihz3yodMFLLubQfi3UqrQJFbXtiimYj5vyBq4cGeGC
2025-04-03T18:38:43.369Z - USDC->SOL - Amount: 27.998063 USDC - Output: ~0.243035689 SOL - Txid: T4V1PpXkrCq1KsCzMwjeN4bFRnFdJesRasagYeVEmkQfqnVTj5ofd5QvMKxHsoBTrUijiasM9EUfaxtypxZSy1U
2025-04-03T18:40:13.856Z - SOL->USDC - Amount: 0.242973079 SOL - Output: ~27.968958 USDC - Txid: NMXjt5Q9H7v2HM8vTBC6fDdsCjAuAfj51F6DYhCJfdUKreZjsoNjB8uQjvjAPff4r4oFjJGhdwEsvVXfQ927bLw
2025-04-03T18:40:35.374Z - USDC->SOL - Amount: 27.962378 USDC - Output: ~0.242592499 SOL - Txid: vWGPp1UfjR9eHDWBBRxtt2iS95wm64oEugTpHk5DZbp1TAZSwu3fDsoBwke524qbt2pT4wAMKQXfTxoHRJUUrjH
